Increment Time CutbackLevel Converged IterationsNeeded StagIterationsNeeded
           1   1.0000000000000000                0 T           2           2
           2   2.0000000000000000                0 T           2           2
           3   3.0000000000000000                0 T           2           2
           4   4.0000000000000000                0 T           2           2
           5   5.0000000000000000                0 T           1           2
           6   6.0000000000000000                0 T           1           2
           7   7.0000000000000000                0 T           1           2
           8   8.0000000000000000                0 T           1           2
           9   9.0000000000000000                0 T           1           2
          10   10.000000000000000                0 T           1           2
          11   11.000000000000000                0 T           1           2
          12   12.000000000000000                0 T           1           2
          13   13.000000000000000                0 T           1           2
          14   14.000000000000000                0 T           1           2
          15   15.000000000000000                0 T           1           2
          16   16.000000000000000                0 T           1           2
          17   17.000000000000000                0 T           1           2
          18   18.000000000000000                0 T           1           2
          19   19.000000000000000                0 T           1           2
          20   20.000000000000000                0 T           1           2
          21   21.000000000000000                0 T           1           2
          22   22.000000000000000                0 T           1           2
          23   23.000000000000000                0 T           1           2
          24   24.000000000000000                0 T           1           2
          25   25.000000000000000                0 T           1           2
          26   26.000000000000000                0 T           1           2
          27   27.000000000000000                0 T           1           2
          28   28.000000000000000                0 T           1           2
          29   29.000000000000000                0 T           1           2
          30   30.000000000000000                0 T           1           2
          31   31.000000000000000                0 T           1           2
          32   32.000000000000000                0 T           1           2
          33   33.000000000000000                0 T           1           2
          34   34.000000000000000                0 T           1           2
          35   35.000000000000000                0 T           1           2
          36   36.000000000000000                0 T           1           2
          37   37.000000000000000                0 T           1           2
          38   38.000000000000000                0 T           1           2
          39   39.000000000000000                0 T           1           2
          40   40.000000000000000                0 T           1           2
          41   41.000000000000000                0 T           1           2
          42   42.000000000000000                0 T           1           2
          43   43.000000000000000                0 T           1           2
          44   44.000000000000000                0 T           1           2
          45   45.000000000000000                0 T           1           2
          46   46.000000000000000                0 T           1           2
          47   47.000000000000000                0 T           1           2
          48   48.000000000000000                0 T           1           2
          49   49.000000000000000                0 T           1           2
          50   50.000000000000000                0 T           1           2
          51   51.000000000000000                0 T           1           2
          52   52.000000000000000                0 T           1           2
          53   53.000000000000000                0 T           1           2
          54   54.000000000000000                0 T           1           2
          55   55.000000000000000                0 T           1           2
          56   56.000000000000000                0 T           1           2
          57   57.000000000000000                0 T           1           2
          58   58.000000000000000                0 T           1           2
          59   59.000000000000000                0 T           1           2
          60   60.000000000000000                0 T           1           2
          61   61.000000000000000                0 T           1           2
          62   62.000000000000000                0 T           1           2
          63   63.000000000000000                0 T           1           2
          64   64.000000000000000                0 T           1           2
          65   65.000000000000000                0 T           1           2
          66   66.000000000000000                0 T           1           2
          67   67.000000000000000                0 T           1           2
          68   68.000000000000000                0 T           1           2
          69   69.000000000000000                0 T           1           2
          70   70.000000000000000                0 T           1           2
          71   71.000000000000000                0 T           1           2
          72   72.000000000000000                0 T           1           2
          73   73.000000000000000                0 T           1           2
          74   74.000000000000000                0 T           1           2
          75   75.000000000000000                0 T           1           2
          76   76.000000000000000                0 T           1           2
          77   77.000000000000000                0 T           1           2
          78   78.000000000000000                0 T           1           2
          79   79.000000000000000                0 T           1           2
          80   80.000000000000000                0 T           1           2
          81   81.000000000000000                0 T           1           2
          82   82.000000000000000                0 T           1           2
          83   83.000000000000000                0 T           1           2
          84   84.000000000000000                0 T           1           2
          85   85.000000000000000                0 T           1           2
          86   86.000000000000000                0 T           1           2
          87   87.000000000000000                0 T           1           2
          88   88.000000000000000                0 T           1           2
          89   89.000000000000000                0 T           1           2
          90   90.000000000000000                0 T           1           2
          91   91.000000000000000                0 T           1           2
          92   92.000000000000000                0 T           1           2
          93   93.000000000000000                0 T           1           2
          94   94.000000000000000                0 T           1           2
          95   95.000000000000000                0 T           1           2
          96   96.000000000000000                0 T           1           2
          97   97.000000000000000                0 T           1           2
          98   98.000000000000000                0 T           1           2
          99   99.000000000000000                0 T           1           2
         100   100.00000000000000                0 T           1           2
